2020-10-28 15:15:10,441 ---登录功能开始--- INFO
2020-10-28 15:15:10,499 -输入用户名- INFO
2020-10-28 15:15:10,550 -输入密码- INFO
2020-10-28 15:15:10,622 -点击登录- INFO
2020-10-28 15:55:24,692 ---登录功能开始--- INFO
2020-10-28 15:55:24,754 -输入用户名- INFO
2020-10-28 15:55:24,807 -输入密码- INFO
2020-10-28 15:55:24,857 -点击登录- INFO
2020-10-28 16:02:51,050 ---登录功能开始--- INFO
2020-10-28 16:02:51,111 -输入用户名- INFO
2020-10-28 16:02:51,163 -输入密码- INFO
2020-10-28 16:02:51,212 -点击登录- INFO
2020-10-28 16:16:05,143 ---登录功能开始--- INFO
2020-10-28 16:16:05,208 -输入用户名- INFO
2020-10-28 16:16:05,263 -输入密码- INFO
2020-10-28 16:16:05,312 -点击登录- INFO
2020-10-28 16:16:24,513 ---登录功能开始--- INFO
2020-10-28 16:16:24,579 -输入用户名- INFO
2020-10-28 16:16:24,632 -输入密码- INFO
2020-10-28 16:16:24,681 -点击登录- INFO
2020-10-28 16:31:39,844 ---登录功能开始--- INFO
2020-10-28 16:31:39,903 -输入用户名- INFO
2020-10-28 16:31:39,954 -输入密码- INFO
2020-10-28 16:31:40,004 -点击登录- INFO
2020-10-28 16:42:17,060 ---登录功能开始--- INFO
2020-10-28 16:42:17,263 -输入用户名- INFO
2020-10-28 16:42:17,377 -输入密码- INFO
2020-10-28 16:42:17,640 -点击登录- INFO
2020-10-28 16:42:22,713 topFrame success INFO
2020-10-28 16:42:53,038 mainFrame success INFO
2020-10-28 16:43:04,470 submit click success INFO
2020-10-28 17:11:04,616 ---登录功能开始--- INFO
2020-10-28 17:11:04,681 -输入用户名- INFO
2020-10-28 17:11:04,739 -输入密码- INFO
2020-10-28 17:11:05,081 -点击登录- INFO
2020-10-28 17:23:21,893 ---登录功能开始--- INFO
2020-10-28 17:23:21,946 -输入用户名- INFO
2020-10-28 17:23:22,000 -输入密码- INFO
2020-10-28 17:23:22,049 -点击登录- INFO
2020-10-28 17:23:57,410 ---登录功能开始--- INFO
2020-10-28 17:23:57,469 -输入用户名- INFO
2020-10-28 17:23:57,528 -输入密码- INFO
2020-10-28 17:23:57,578 -点击登录- INFO
2020-10-28 17:24:37,637 ---登录功能开始--- INFO
2020-10-28 17:24:37,708 -输入用户名- INFO
2020-10-28 17:24:37,767 -输入密码- INFO
2020-10-28 17:24:37,823 -点击登录- INFO
2020-10-28 17:25:20,639 ---登录功能开始--- INFO
2020-10-28 17:25:20,709 -输入用户名- INFO
2020-10-28 17:25:20,767 -输入密码- INFO
2020-10-28 17:25:21,034 -点击登录- INFO
2020-10-28 17:25:26,072 topFrame success INFO
2020-10-28 17:25:56,218 mainFrame success INFO
2020-10-28 17:26:06,902 submit click success INFO
2020-10-28 17:28:06,236 ---登录功能开始--- INFO
2020-10-28 17:28:06,306 -输入用户名- INFO
2020-10-28 17:28:06,365 -输入密码- INFO
2020-10-28 17:28:06,564 -点击登录- INFO
2020-10-28 17:28:11,593 topFrame success INFO
2020-10-28 17:28:41,730 mainFrame success INFO
2020-10-28 17:28:52,459 submit click success INFO
2020-10-28 17:33:05,381 ---登录功能开始--- INFO
2020-10-28 17:33:05,451 -输入用户名- INFO
2020-10-28 17:33:05,513 -输入密码- INFO
2020-10-28 17:33:05,715 -点击登录- INFO
2020-10-28 17:33:10,815 topFrame success INFO
2020-10-28 17:33:41,043 mainFrame success INFO
2020-10-28 17:33:51,676 submit click success INFO
2020-10-28 17:38:05,420 ---登录功能开始--- INFO
2020-10-28 17:38:05,490 -输入用户名- INFO
2020-10-28 17:38:05,550 -输入密码- INFO
2020-10-28 17:38:05,765 -点击登录- INFO
2020-10-28 17:38:10,841 topFrame success INFO
2020-10-28 17:38:41,014 mainFrame success INFO
2020-10-28 17:38:51,643 submit click success INFO
2020-10-28 17:43:05,500 ---登录功能开始--- INFO
2020-10-28 17:43:05,563 -输入用户名- INFO
2020-10-28 17:43:05,623 -输入密码- INFO
2020-10-28 17:43:05,805 -点击登录- INFO
2020-10-28 17:43:10,887 topFrame success INFO
2020-10-28 17:43:41,054 mainFrame success INFO
2020-10-28 17:43:51,709 submit click success INFO
2020-10-28 17:48:05,246 ---登录功能开始--- INFO
2020-10-28 17:48:05,309 -输入用户名- INFO
2020-10-28 17:48:05,368 -输入密码- INFO
2020-10-28 17:48:05,554 -点击登录- INFO
2020-10-28 17:48:10,625 topFrame success INFO
2020-10-28 17:48:40,817 mainFrame success INFO
2020-10-28 17:48:51,428 submit click success INFO
2020-10-28 17:53:05,345 ---登录功能开始--- INFO
2020-10-28 17:53:05,411 -输入用户名- INFO
2020-10-28 17:53:05,468 -输入密码- INFO
2020-10-28 17:53:05,662 -点击登录- INFO
2020-10-28 17:53:10,726 topFrame success INFO
2020-10-28 17:53:40,931 mainFrame success INFO
2020-10-28 17:53:51,518 submit click success INFO
2020-10-28 17:56:05,911 ---登录功能开始--- INFO
2020-10-28 17:56:05,973 -输入用户名- INFO
2020-10-28 17:56:06,025 -输入密码- INFO
2020-10-28 17:56:06,078 -点击登录- INFO
2020-10-28 17:58:05,325 ---登录功能开始--- INFO
2020-10-28 17:58:05,396 -输入用户名- INFO
2020-10-28 17:58:05,453 -输入密码- INFO
2020-10-28 17:58:05,664 -点击登录- INFO
2020-10-28 17:58:10,741 topFrame success INFO
2020-10-28 17:58:40,941 mainFrame success INFO
2020-10-28 17:58:51,594 submit click success INFO
2020-10-28 18:03:07,067 ---登录功能开始--- INFO
2020-10-28 18:03:07,134 -输入用户名- INFO
2020-10-28 18:03:07,192 -输入密码- INFO
2020-10-28 18:03:07,385 -点击登录- INFO
2020-10-28 18:03:12,414 topFrame success INFO
2020-10-28 18:03:42,552 mainFrame success INFO
2020-10-28 18:03:53,091 submit click success INFO
